<?xml version="1.0" encoding="UTF-8"?>
<robot generator="Robot 3.2.2 (Python 3.8.2 on win32)" generated="20201203 08:58:35.346" rpa="false">
<suite id="s1" name="TC PostRequest" source="C:\Users\Smart\Documents\Jayant\GIT\SampleAPItest\Testcases\TC_PostRequest.robot">
<test id="s1-t1" name="TC_001 Create Login Token">
<kw name="Create Session" library="RequestsLibrary">
<doc>Create Session: create a HTTP session to a server</doc>
<arguments>
<arg>mysession</arg>
<arg>${base_url}</arg>
</arguments>
<msg timestamp="20201203 08:59:07.122" level="INFO">Creating Session using : alias=mysession, url=https://ourtechsampleapi.herokuapp.com, headers={},                     cookies={}, auth=None, timeout=None, proxies=None, verify=False,                     debug=0 </msg>
<status status="PASS" starttime="20201203 08:59:07.122" endtime="20201203 08:59:07.122"></status>
</kw>
<kw name="Create Dictionary" library="BuiltIn">
<doc>Creates and returns a dictionary based on the given ``items``.</doc>
<arguments>
<arg>password=Qwerty@123</arg>
<arg>username=test0810</arg>
</arguments>
<assign>
<var>${body}</var>
</assign>
<msg timestamp="20201203 08:59:07.276" level="INFO">${body} = {'password': 'Qwerty@123', 'username': 'test0810'}</msg>
<status status="PASS" starttime="20201203 08:59:07.276" endtime="20201203 08:59:07.276"></status>
</kw>
<kw name="Create Dictionary" library="BuiltIn">
<doc>Creates and returns a dictionary based on the given ``items``.</doc>
<arguments>
<arg>Content-Type=application/json</arg>
</arguments>
<assign>
<var>${header}</var>
</assign>
<msg timestamp="20201203 08:59:07.276" level="INFO">${header} = {'Content-Type': 'application/json'}</msg>
<status status="PASS" starttime="20201203 08:59:07.276" endtime="20201203 08:59:07.276"></status>
</kw>
<kw name="Post Request" library="RequestsLibrary">
<doc>Send a POST request on the session object found using the
given `alias`</doc>
<arguments>
<arg>mysession</arg>
<arg>/auth/token/login/</arg>
<arg>data=${body}</arg>
<arg>headers=${header}</arg>
</arguments>
<assign>
<var>${response}</var>
</assign>
<msg timestamp="20201203 08:59:24.947" level="INFO">POST Request : url=https://ourtechsampleapi.herokuapp.com/auth/token/login/ 
 path_url=/auth/token/login/ 
 headers={'User-Agent': 'python-requests/2.24.0', 'Accept-Encoding': 'gzip, deflate', 'Accept': '*/*', 'Connection': 'keep-alive', 'Content-Type': 'application/json', 'Content-Length': '50'} 
 body={"password": "Qwerty@123", "username": "test0810"} 
 </msg>
<msg timestamp="20201203 08:59:24.947" level="INFO">POST Response : url=https://ourtechsampleapi.herokuapp.com/auth/token/login/ 
 status=200, reason=OK 
 body={"auth_token":"b30d95fd80bf55ca117d253cbbe95dc89a4025cc"} 
 </msg>
<msg timestamp="20201203 08:59:24.947" level="INFO">c:\users\smart\appdata\local\programs\python\python38-32\lib\site-packages\urllib3\connectionpool.py:981: InsecureRequestWarning: Unverified HTTPS request is being made to host 'ourtechsampleapi.herokuapp.com'. Adding certificate verification is strongly advised. See: https://urllib3.readthedocs.io/en/latest/advanced-usage.html#ssl-warnings
  warnings.warn(</msg>
<msg timestamp="20201203 08:59:24.947" level="INFO">${response} = &lt;Response [200]&gt;</msg>
<status status="PASS" starttime="20201203 08:59:07.291" endtime="20201203 08:59:24.947"></status>
</kw>
<kw name="Log To Console" library="BuiltIn">
<doc>Logs the given message to the console.</doc>
<arguments>
<arg>${body}</arg>
</arguments>
<status status="PASS" starttime="20201203 08:59:24.965" endtime="20201203 08:59:24.965"></status>
</kw>
<kw name="Log To Console" library="BuiltIn">
<doc>Logs the given message to the console.</doc>
<arguments>
<arg>${response.status_code}</arg>
</arguments>
<status status="PASS" starttime="20201203 08:59:24.965" endtime="20201203 08:59:24.965"></status>
</kw>
<kw name="Log To Console" library="BuiltIn">
<doc>Logs the given message to the console.</doc>
<arguments>
<arg>${response.content}</arg>
</arguments>
<status status="PASS" starttime="20201203 08:59:24.965" endtime="20201203 08:59:24.965"></status>
</kw>
<kw name="Convert To String" library="BuiltIn">
<doc>Converts the given item to a Unicode string.</doc>
<arguments>
<arg>${response.status_code}</arg>
</arguments>
<assign>
<var>${status_code}</var>
</assign>
<msg timestamp="20201203 08:59:24.965" level="INFO">${status_code} = 200</msg>
<status status="PASS" starttime="20201203 08:59:24.965" endtime="20201203 08:59:24.965"></status>
</kw>
<kw name="Should Contain" library="BuiltIn">
<doc>Fails if ``container`` does not contain ``item`` one or more times.</doc>
<arguments>
<arg>${status_code}</arg>
<arg>200</arg>
</arguments>
<status status="PASS" starttime="20201203 08:59:24.965" endtime="20201203 08:59:24.965"></status>
</kw>
<kw name="Convert To String" library="BuiltIn">
<doc>Converts the given item to a Unicode string.</doc>
<arguments>
<arg>${response.content}</arg>
</arguments>
<assign>
<var>${response_body}</var>
</assign>
<msg timestamp="20201203 08:59:24.965" level="INFO">${response_body} = {"auth_token":"b30d95fd80bf55ca117d253cbbe95dc89a4025cc"}</msg>
<status status="PASS" starttime="20201203 08:59:24.965" endtime="20201203 08:59:24.965"></status>
</kw>
<kw name="Should Contain" library="BuiltIn">
<doc>Fails if ``container`` does not contain ``item`` one or more times.</doc>
<arguments>
<arg>${response_body}</arg>
<arg>auth_token</arg>
</arguments>
<status status="PASS" starttime="20201203 08:59:24.965" endtime="20201203 08:59:24.965"></status>
</kw>
<kw name="Log To Console" library="BuiltIn">
<doc>Logs the given message to the console.</doc>
<arguments>
<arg>${response_body}</arg>
</arguments>
<status status="PASS" starttime="20201203 08:59:24.965" endtime="20201203 08:59:24.965"></status>
</kw>
<status status="PASS" starttime="20201203 08:59:07.122" endtime="20201203 08:59:24.965" critical="yes"></status>
</test>
<status status="PASS" starttime="20201203 08:58:35.869" endtime="20201203 08:59:24.997"></status>
</suite>
<statistics>
<total>
<stat pass="1" fail="0">Critical Tests</stat>
<stat pass="1" fail="0">All Tests</stat>
</total>
<tag>
</tag>
<suite>
<stat pass="1" fail="0" id="s1" name="TC PostRequest">TC PostRequest</stat>
</suite>
</statistics>
<errors>
</errors>
</robot>
